  script Assignment1.txt
  mkdir Assignment1
  cd Assignment1
  echo $SHELL
  echo $HOME
  nano /etc/passwd
  mkdir myDir
  man chmod
  chmod o-w myDir
  cd myDir
  ls
  ls -l
  cd ..
  mkdir myDir2
  mkdir myDir3
  cd myDir2
  touch myFile.txt
  mv myFile.txt ../myDir3
  man free
  free -m
  cat /etc/os-release
  ls
  mv Assignment1.txt Assignment1
  ls
  cd Assignment1
  ls
  cd myDir
  ls
  cd ..
  cd myDir
  ls
  cd myDir3
  ls
  cd ..
  vi Assignment1.txt
  ls
  vi Assignment1.txt
  vi Assignment1.txt
  history > cmds.log
