    1  wsl --install
    2  wget www.github.com
    3  passwd
    4  wget www.github.com
    5  history > cmds.log
    6  git add cmds.log
    7  cd ~/Worksheet1
    8  git init
    9  mkdir cs131
   10  cd cs131
   11  mkdir Worksheet1
   12  man
   13  3
   14  man mkdir
   15  man git
   16  man git init
   17  history
   18  pwd
   19  cd ..
   20  rmdir cs131
   21  cd cs131
   22  rmdir Worksheet1
   23  cd ..
   24  rmdir cs131
   25  cd 131
   26  git init cs131
   27  cd cs131
   28  mkdir Worksheet1
   29  history > cmds.log
   30  git commit -m "cmds.log"
   31  git config --global user.email "youngjin.kim@sjsu.edu"
   32  git config --global user.name "James Kim"
   33  git commit -m "cmds.log"
   34  git add cmds.log
   35  git commit -m "cmds.log"
   36  history
   37  git remote add origin https://github.com/jin317/cs131.git
   38  git commit -m "cmds.log"
   39  history > cmds.log
   40  git commit -m "cmds.log"
   41  git add cmds.log
   42  git commit -m "cmds.log"
   43  cmds.log > Worksheet1
   44  ls
   45  rm cmds.log
   46  cd Worksheet1
   47  history > cmds.log
   48  git add cmds.log
   49  git commit -m "cmds.log"
   50  git push origin main
   51  `git add .
   52  q
   53  git push
   54  cd Worksheet1
   55  history
   56  git push -u origin main
   57  wget www.github.com
   58  ls
   59  git add cs131
   60  cd..
   61  cd ..
   62  cd jamesf23
   63  ls
   64  cd cs131
   65  ls
   66  git add Worksheet1
   67  cd Worksheet1
   68  pwd
   69  ls
   70  git push origin main
   71  cd ..
   72  rm index.html.1
   73  rm index.html.2
   74  git add .
   75  ls
   76  rm cmds.log
   77  git add .
   78  cd cs131
   79  ls
   80  git add .
   81  cd Worksheet1
   82  git add .
   83  cd ..
   84  git commit -m "cmds.log"
   85  got add .
   86  git add .
   87  git push origin main
   88  cd cs131
   89  git push origin main
   90  git pull origin main
   91  git push -u origin main
   92  git pull --rebase origin main
   93  git add .
   94  git pull --rebase origin main
   95  git commit -m "repo"
   96  ls
   97  cd ..
   98  ls
   99  git commit
  100  man git commit
  101  man git commit -a
  102  git commit -a
  103  git commit -a "cs131"
  104  git commit -a -m "cs131"
  105  git push -u origin main
  106  ls
  107  cd cs131
  108  git commit -a -m "ws1"
  109  git push -u origin main
  110  git pull --rebase origin main
  111  git push origin main
  112  git push -u origin main
  113  git pull --rebase origin main
  114  git push origin main
  115  git commit -a
  116  git add .
  117  git push -u origin main
  118  cd Worksheet1
  119  git add .
  120  git commit -a -m :cmds.log"
  121  clear
  122  ls
  123  git commit -a -m "all"
  124  git push -u origin main
  125  cd cs131
  126  git push -u origin main
  127  git push worksheet1
  128  cd Worksheet1
  129  git push cmds.log HEAD:main
  130  git pull --rebase origin main
  131  git rebase --continue
  132  git push -u origin main
  133  cd ..
  134  ls
  135  git branch -M main
  136  ls
  137  git add .
  138  git commit -a -m "all"
  139  git push -u origin main
  140  cd cs131
  141  git branch -M main
  142  git add .
  143  git commit -a -m "cs131"
  144  git push -u origin master
  145  git pull origin main
  146  git config pull.rebase false
  147  git add .
  148  git commit -a -m "all"
  149  git push origin main
  150  git remote rm origin
  151  git remote add origin https://github.com/jin317/cs131.git
  152  git push origin main
  153  git clone remote: Support for password authentication was removed on August 13, 2021.
  154  remote: Please see https://docs.github.com/en/get-started/getting-started-with-g                                              it/about-remote-repositories#cloning-with-https-urls for information on currentl                                              y recommended modes of authentication.
  155  git clone https://github.com/jin317/cs131.git
  156  ls
  157  cd cs131
  158  ls
  159  cd ..
  160  rm cs131
  161  rmdir cs131
  162  ls
  163  cd cs131
  164  ls
  165  rmdir cs131
  166  cd ..
  167  git commit -a -m "all"
  168  rmdir cs131
  169  rmdir -r cs131
  170  man rmdir
  171  rm -r cs131
  172  history
  173  clear history
  174  rm -r cs131
  175  rm -r -f cs131
  176  ls
  177  git init cs131
  178  git config init.defaultBranch main
  179  ls
  180  cd cs131
  181  mkdir Worksheet1
  182  cd Worksheet1
  183  history > cmds.log
  184  git add .
  185  git commit -m "cmds.log"
  186  git push cmds.log
  187  git push -u cmds.log main
  188  git push -u origin main
  189  git remote add origin https://github.com/jin317/cs131.git
  190  git push origin main
  191  cd ..
  192  ls
  193  git branch -M main
  194  ls
  195  git push origin main
  196  git push -u origin main
  197  cd ..
  198  git clone https://github.com/jin317/cs131.git
  199  git pull -u origin main
  200  cd cs131
  201  git pull -u origin main
  202  git pull --rebase origin main
  203  git push origin main
  204  ls
  205  git add .
  206  cd Worksheet1
  207  ls
  208  git push cmds.log
  209  git push cmds.log main
  210  git push origin cmds.log
  211  git push origin Worksheet1
  212  cd ..
  213  git push origin main
  214  git commit -a -m "clone"
  215  ls
  216  cd cs131
  217  git push origin main
  218  exit
  219  git commit -a -m "all"
  220  ls
  221  cd cs131
  222  ls
  223  rm Worksheet1~HEAD
  224  cd Worksheet1
  225  ls
  226  cd ..
  227  rm cmds.log
  228  cd Worksheet1
  229  history > cmds.log
  230  git commit -a -m "cmds.log"
  231  git push cmds.log
  232  cd ..
  233  git push Worksheet1
  234  cd ..
  235  git push cs131
  236  cd Worksheet1
  237  git push Worksheet1 main
  238  cd cs131
  239  git push Worksheet1 main
  240  git push cs131 main
  241  git push origin main
  242  git push --rebase origin main
  243  git pull origin main
  244  git push -u origin main
  245  history
  246  git config --global user.name "jin317"
  247  git push -u origin main
  248  man git branch
  249  cd cs131
  250  git branch -M main
  251  ls
  252  cd ..
  253  git branch -M main
  254  git commit -a -m "main"
  255  git push -u origin main
  256  git remote add .
  257  cd ~/.ssh && ssh-keygen
  258  cat id_rsa.pub
  259  origin
  260  cd ..
  261  ls
  262  git remote add origin git@github.com:jin317/cs131.git
  263  cd cs131
  264  git add .
  265  git commit -a -m "all"
  266  git push origin main
  267  cd ..
  268   man less
  269  man less
  270  git remote add origin git@github.com:jin317/cs131.git
  271  git push origin main
  272  cd cs131
  273  git push origin main
  274  cd ~/.ssh && ssh-keygen
  275  pwd
  276  ls
  277  cd cs131
  278  ls
  279  mkdir Worksheet2
  280  cd Worksheet2
  281  wget https://raw.githubusercontent.com/khanchandaniashish/CS131/main/Global%20YouTube%20Statistics.csv
  282  ls
  283  cd ..
  284  ls
  285  cd cs131
  286  ls
  287  man grep
  288  cd Worksheet2
  289  ls
  290  cat 'Global Youtube Statistics.csv'
  291  cat Global Youtube Statistics.csv
  292  cat 
  293  cat *
  294  cd cs131
  295  cd Worksheet2
  296  cat *
  297  grep 'United States'
  298  cd cs131
  299  cd Worksheet2
  300  grep 'United States" *

kl
klkklklkl




Global\ YouTube\ Statistics.csv Global\ YouTube\ Statistics.csv Global\ YouTube\ Statistics.csv Global\ YouTube\ Statistics.csv 
  301  ls
  302  cat 'Global Youtube Statistics.csv'
  303  cat Global\ Youtube\ Statistics.csv
  304  cat 'Global YouTube Statistics.csv'
  305  grep 'United States' 'Global YouTube Statistics.csv'
  306  grep 'Music' 'Global YouTube Statistics.csv'
  307  man wc
  308  grep -E ',{4}Music' 'Global YouTube Statistics.csv'
  309  grep -E '^([:alnum:]*,){4}Music([:alnum:]*)*' 'Global YouTube Statistics.csv'
  310  grep -E '^([[:alnum:]]*,){4}Music([[:alnum:]]*)*' 'Global YouTube Statistics.csv'
  311  grep -E '^([[:alnum:]]*,){4}Music([[:alnum:]]*)*' 'Global YouTube Statistics.csv' | wc -lw
  312  [jamesf23@sjsu Worksheet2]$ grep -E '^([[:alnum:]]*,){4}Music([[:alnum:]]*)*' 'Global YouTube Statistics.csv'
  313  grep -E '^(.*,){4}Music(.*)*' 'Global YouTube Statistics.csv'
  314  grep -E '^(.*,){4}Music(.*)' 'Global YouTube Statistics.csv'
  315  grep -E '^(.*,){4}Music(.*)' 'Global YouTube Statistics.csv' | wc -lw
  316  grep -E '^([.]*,){4}Music(.*)' 'Global YouTube Statistics.csv' | wc -lw
  317  grep -E '^(.*\,){4}Music(.*)' 'Global YouTube Statistics.csv' | wc -lw
  318  grep -E '^(.*\,){4}Music(.)' 'Global YouTube Statistics.csv' | wc -lw
  319  grep -E '^([.*],){4}Music(.*)' 'Global YouTube Statistics.csv' | wc -lw
  320  grep -E '^(.,){4}Music(.*)' 'Global YouTube Statistics.csv' | wc -lw
  321  grep -E '^(.*,){4}Music(.*)' 'Global YouTube Statistics.csv' | wc -lw
  322  grep -E '^(.*,){4}Music(.*)' 'Global YouTube Statistics.csv'
  323  grep -E '^(.*,){4}Music' 'Global YouTube Statistics.csv'
  324  grep -E '^(.*,){4}Music' 'Global YouTube Statistics.csv' | wc -lw
  325  grep -E '^((.*,){4})Music' 'Global YouTube Statistics.csv' | wc -lw
  326  grep -E '^((.*,){4})Music' 'Global YouTube Statistics.csv'
  327  grep -E '^((.*,){4})' 'Global YouTube Statistics.csv'
  328  grep -E '^(.*,{4})' 'Global YouTube Statistics.csv'
  329  grep -E '^((,){4})' 'Global YouTube Statistics.csv'
  330  grep -E '^(([^,]*,){4})' 'Global YouTube Statistics.csv'
  331  grep -E '^(([^,]*,){4})Music' 'Global YouTube Statistics.csv'
  332  grep -E '^(([^,]*,){4})Music' 'Global YouTube Statistics.csv' | wc -lw
  333  grep -E '^(([[:alnum:]]*,){4})Music' 'Global YouTube Statistics.csv' | wc -lw
  334  grep -E '^(([0-9]*,){4})Music' 'Global YouTube Statistics.csv' | wc -lw
  335  grep -E '^(([[:digit:]]*,){4})Music' 'Global YouTube Statistics.csv' | wc -lw
  336  grep -E '^([[:digit:]]*,)Music' 'Global YouTube Statistics.csv' | wc -lw
  337  grep -E '^([[:digit:]],)Music' 'Global YouTube Statistics.csv' | wc -lw
  338  grep -E '^([[:digit:]]*),Music' 'Global YouTube Statistics.csv' | wc -lw
  339  grep -E '([[:digit:]]*),Music' 'Global YouTube Statistics.csv' | wc -lw
  340  grep -E '([[:digit:]]*),Music' 'Global YouTube Statistics.csv'
  341  grep -E '([[:digit:]]*){1,},Music' 'Global YouTube Statistics.csv'
  342  grep -E '(([[:digit:]]*){1,}),Music' 'Global YouTube Statistics.csv'
  343  grep -E '(([[:digit:]]){1,}),Music' 'Global YouTube Statistics.csv'
  344  grep -E '(([[:digit:]]){1,}),Music' 'Global YouTube Statistics.csv' | wc -lw
  345  grep -E ',(([[:digit:]]){1,}),Music' 'Global YouTube Statistics.csv' | wc -lw
  346  grep -E ',(([[:digit:]]){1,}),Music' 'Global YouTube Statistics.csv'
  347  grep -E '(([[:digit:]],[[:digit:]]){1,}),Music' 'Global YouTube Statistics.csv'
  348  grep -E '[[:digit:]],(([[:digit:]]){1,}),Music' 'Global YouTube Statistics.csv'
  349  grep -E '[[:digit:]]*,(([[:digit:]]){1,}),Music' 'Global YouTube Statistics.csv'
  350  grep -E '(([[:digit:]]){1,}),Music' 'Global YouTube Statistics.csv' | wc -lw
  351  grep -E '([[:digit:]]*),Music' 'Global YouTube Statistics.csv' | wc -lw
  352  grep -E '([[:digit:]]*){1,},Music' 'Global YouTube Statistics.csv'
  353  grep -E '([[:digit:]]*){1,},Music' 'Global YouTube Statistics.csv' |wc -lw
  354  grep -E '^(([[:digit:]]*,){4})Music' 'Global YouTube Statistics.csv' | wc -lw
  355  grep -E '^(([^,]*,){4})Music' 'Global YouTube Statistics.csv' | wc -lw
  356  grep -E '^(([^,]*,){4})Music' 'Global YouTube Statistics.csv'
  357  grep -E '^(([^,]*,){4})Music' 'Global YouTube Statistics.csv' | wc -lw
  358  cd ..
  359  git add .
  360  git commit -a -m "all"
  361  git pull origin main
  362  ls
  363  rmdir 'Worksheet 2'
  364  rm 'Worksheet 2'
  365  git add .
  366  git commit -a -m "all"
  367  git pull origin main
  368  ls
  369  rm Worksheet2~5a040e3f01a378c9413fac40f8074cbce3e91512
  370  git add .
  371  git commit -a -m "deleted"
  372  git pull origin main
  373  ls
  374  cd Worksheet2
  375  ls
  376  grep -E '^(([^,]*,){4})Music' 'Global YouTube Statistics.csv' > counts.txt
  377  grep -E '^(([^,]*,){4})Music' 'Global YouTube Statistics.csv' | wc -lw >> counts.txt
  378  vi counts.txt
  379  history > cmds.log
