    1  wsl --install
    2  wget www.github.com
    3  passwd
    4  wget www.github.com
    5  history > cmds.log
    6  git add cmds.log
    7  cd ~/Worksheet1
    8  git init
    9  mkdir cs131
   10  cd cs131
   11  mkdir Worksheet1
   12  man
   13  3
   14  man mkdir
   15  man git
   16  man git init
   17  history
   18  pwd
   19  cd ..
   20  rmdir cs131
   21  cd cs131
   22  rmdir Worksheet1
   23  cd ..
   24  rmdir cs131
   25  cd 131
   26  git init cs131
   27  cd cs131
   28  mkdir Worksheet1
   29  history > cmds.log
   30  git commit -m "cmds.log"
   31  git config --global user.email "youngjin.kim@sjsu.edu"
   32  git config --global user.name "James Kim"
   33  git commit -m "cmds.log"
   34  git add cmds.log
   35  git commit -m "cmds.log"
   36  history
   37  git remote add origin https://github.com/jin317/cs131.git
   38  git commit -m "cmds.log"
   39  history > cmds.log
   40  git commit -m "cmds.log"
   41  git add cmds.log
   42  git commit -m "cmds.log"
   43  cmds.log > Worksheet1
   44  ls
   45  rm cmds.log
   46  cd Worksheet1
   47  history > cmds.log
   48  git add cmds.log
   49  git commit -m "cmds.log"
   50  git push origin main
   51  `git add .
   52  q
   53  git push
   54  cd Worksheet1
   55  history
   56  git push -u origin main
   57  wget www.github.com
   58  ls
   59  git add cs131
   60  cd..
   61  cd ..
   62  cd jamesf23
   63  ls
   64  cd cs131
   65  ls
   66  git add Worksheet1
   67  cd Worksheet1
   68  pwd
   69  ls
   70  git push origin main
   71  cd ..
   72  rm index.html.1
   73  rm index.html.2
   74  git add .
   75  ls
   76  rm cmds.log
   77  git add .
   78  cd cs131
   79  ls
   80  git add .
   81  cd Worksheet1
   82  git add .
   83  cd ..
   84  git commit -m "cmds.log"
   85  got add .
   86  git add .
   87  git push origin main
   88  cd cs131
   89  git push origin main
   90  git pull origin main
   91  git push -u origin main
   92  git pull --rebase origin main
   93  git add .
   94  git pull --rebase origin main
   95  git commit -m "repo"
   96  ls
   97  cd ..
   98  ls
   99  git commit
  100  man git commit
  101  man git commit -a
  102  git commit -a
  103  git commit -a "cs131"
  104  git commit -a -m "cs131"
  105  git push -u origin main
  106  ls
  107  cd cs131
  108  git commit -a -m "ws1"
  109  git push -u origin main
  110  git pull --rebase origin main
  111  git push origin main
  112  git push -u origin main
  113  git pull --rebase origin main
  114  git push origin main
  115  git commit -a
  116  git add .
  117  git push -u origin main
  118  cd Worksheet1
  119  git add .
  120  git commit -a -m :cmds.log"
  121  clear
  122  ls
  123  git commit -a -m "all"
  124  git push -u origin main
  125  cd cs131
  126  git push -u origin main
  127  git push worksheet1
  128  cd Worksheet1
  129  git push cmds.log HEAD:main
  130  git pull --rebase origin main
  131  git rebase --continue
  132  git push -u origin main
  133  cd ..
  134  ls
  135  git branch -M main
  136  ls
  137  git add .
  138  git commit -a -m "all"
  139  git push -u origin main
  140  cd cs131
  141  git branch -M main
  142  git add .
  143  git commit -a -m "cs131"
  144  git push -u origin master
  145  git pull origin main
  146  git config pull.rebase false
  147  git add .
  148  git commit -a -m "all"
  149  git push origin main
  150  git remote rm origin
  151  git remote add origin https://github.com/jin317/cs131.git
  152  git push origin main
  153  git clone remote: Support for password authentication was removed on August 13, 2021.
  154  remote: Please see https://docs.github.com/en/get-started/getting-started-with-g                                              it/about-remote-repositories#cloning-with-https-urls for information on currentl                                              y recommended modes of authentication.
  155  git clone https://github.com/jin317/cs131.git
  156  ls
  157  cd cs131
  158  ls
  159  cd ..
  160  rm cs131
  161  rmdir cs131
  162  ls
  163  cd cs131
  164  ls
  165  rmdir cs131
  166  cd ..
  167  git commit -a -m "all"
  168  rmdir cs131
  169  rmdir -r cs131
  170  man rmdir
  171  rm -r cs131
  172  history
  173  clear history
  174  rm -r cs131
  175  rm -r -f cs131
  176  ls
  177  git init cs131
  178  git config init.defaultBranch main
  179  ls
  180  cd cs131
  181  mkdir Worksheet1
  182  cd Worksheet1
  183  history > cmds.log
